<?xml version="1.0" encoding="UTF-8"?>
<!-- Generated by org.testng.reporters.JUnitReportReporter -->
<testsuite hostname="PC-DPL" failures="0" tests="1" name="tests.TS_GoogleSearch" time="34.611" errors="0" timestamp="2022-09-30T23:29:42 IST" skipped="0">
  <testcase classname="tests.TS_GoogleSearch" name="tc_001_GoogleSerch" time="34.611"/>
  <system-out/>
</testsuite> <!-- tests.TS_GoogleSearch -->
